Write log file for item 0.
Time:1459333069
Buy:2688.920000	 Sell:2689.000000   Vol:3324449.856900	Delt-Vol:1.570700
Bit:0.100000	   Asset:638.540000
MAZG is 2689.866721.
MAZD is 2688.246502.
MAJX is 2689.007738.
MASP is 2688.992500.
the buy current state is 3.
the sell current state is 1.
Buy:
2689.770000,2689.780000,2689.790000,2689.530000,2689.530000,2689.730000,2689.730000,2689.530000,2689.320000,2689.150000,2689.030000,2689.130000,2689.030000,2689.130000,2689.110000,2688.920000,2690.310000,2690.510000,2690.560000,2690.560000,2690.560000,2690.210000,2690.250000,2689.990000,2689.990000,2689.810000,2689.680000,2689.750000,2689.980000,2689.980000,2689.980000,2689.990000,2690.000000,2690.000000,2690.000000,2690.050000,2690.050000,2690.050000,2690.060000,2690.060000,2690.000000,2690.040000,2690.050000,2690.040000,2690.040000,2690.030000,2690.000000,2690.000000,2690.000000,2690.000000,2690.000000,2690.020000,2690.000000,2690.000000,2689.530000,2689.810000,2689.810000,2689.870000,2689.810000,2689.690000,
Sell:
2689.810000,2689.810000,2689.810000,2689.730000,2689.790000,2689.750000,2689.750000,2689.560000,2689.410000,2689.280000,2689.230000,2689.160000,2689.120000,2689.180000,2689.120000,2689.000000,2690.580000,2690.550000,2690.580000,2690.580000,2690.580000,2690.580000,2690.450000,2690.260000,2690.000000,2689.990000,2689.990000,2689.990000,2689.990000,2689.990000,2689.990000,2690.000000,2690.120000,2690.120000,2690.120000,2690.120000,2690.120000,2690.520000,2690.270000,2690.270000,2690.060000,2690.060000,2690.850000,2690.510000,2690.350000,2690.050000,2690.020000,2690.010000,2690.010000,2690.120000,2690.040000,2690.040000,2690.040000,2690.040000,2689.570000,2689.900000,2689.900000,2689.890000,2689.850000,2689.800000,
JX:
2689.004000,2689.004500,2689.003833,2689.004000,2689.004000,2689.004000,2689.002833,2689.002833,2689.002833,2689.000667,2689.000667,2688.995833,2688.996333,2688.994333,2688.994333,2688.992500,2688.948000,2688.948000,2688.952833,2688.953000,2688.953333,2688.953333,2688.953333,2688.953333,2688.953000,2688.953000,2688.943667,2688.943500,2688.943500,2688.943500,2688.943500,2688.943500,2688.943500,2688.943333,2688.943667,2688.943667,2688.943667,2689.008000,2689.008000,2689.008000,2689.008000,2689.013833,2689.008167,2689.008167,2689.007833,2689.008000,2689.008000,2689.008000,2689.008167,2689.007167,2689.007167,2689.007167,2689.007167,2689.007167,2689.007167,2689.007167,2689.007000,2689.007000,2689.005500,2689.004500,
----->Sell opration started:
----->Price:2688.920000
----->Amount:0.100000


erro in sent_revc_data sent sell opration.
